<?xml version="1.0" encoding="UTF-8"?>
<testng-results ignored="0" total="3" passed="3" failed="0" skipped="0">
  <reporter-output>
  </reporter-output>
  <suite started-at="2021-04-14T05:21:16 GMT" name="Default suite" finished-at="2021-04-14T05:22:12 GMT" duration-ms="55747">
    <groups>
      <group name="cucumber">
        <method signature="AbstractTestNGCucumberTests.runScenario(io.cucumber.testng.PickleWrapper, io.cucumber.testng.FeatureWrapper)[pri:0, instance:trainline.RunParallel@120f102b]" name="runScenario" class="io.cucumber.testng.AbstractTestNGCucumberTests"/>
      </group> <!-- cucumber -->
    </groups>
    <test started-at="2021-04-14T05:21:16 GMT" name="Default test" finished-at="2021-04-14T05:22:12 GMT" duration-ms="55747">
      <class name="trainline.RunParallel">
        <test-method is-config="true" signature="setUpClass()[pri:0, instance:trainline.RunParallel@120f102b]" started-at="2021-04-14T05:21:16 GMT" name="setUpClass" finished-at="2021-04-14T05:21:16 GMT" duration-ms="72" status="PASS">
          <reporter-output>
          </reporter-output>
        </test-method> <!-- setUpClass -->
        <test-method signature="runScenario(io.cucumber.testng.PickleWrapper, io.cucumber.testng.FeatureWrapper)[pri:0, instance:trainline.RunParallel@120f102b]" started-at="2021-04-14T05:21:16 GMT" name="runScenario" description="Runs Cucumber Scenarios" data-provider="scenarios" finished-at="2021-04-14T05:21:36 GMT" duration-ms="19905" status="PASS">
          <params>
            <param index="0">
              <value>
                <![CDATA["Verify different passenger search combinations - happy path"]]>
              </value>
            </param>
            <param index="1">
              <value>
                <![CDATA["Trainline home page search"]]>
              </value>
            </param>
          </params>
          <reporter-output>
          </reporter-output>
        </test-method> <!-- runScenario -->
        <test-method signature="runScenario(io.cucumber.testng.PickleWrapper, io.cucumber.testng.FeatureWrapper)[pri:0, instance:trainline.RunParallel@120f102b]" started-at="2021-04-14T05:21:36 GMT" name="runScenario" description="Runs Cucumber Scenarios" data-provider="scenarios" finished-at="2021-04-14T05:21:56 GMT" duration-ms="19501" status="PASS">
          <params>
            <param index="0">
              <value>
                <![CDATA["Verify different passenger search combinations - other combinations"]]>
              </value>
            </param>
            <param index="1">
              <value>
                <![CDATA["Trainline home page search"]]>
              </value>
            </param>
          </params>
          <reporter-output>
          </reporter-output>
        </test-method> <!-- runScenario -->
        <test-method signature="runScenario(io.cucumber.testng.PickleWrapper, io.cucumber.testng.FeatureWrapper)[pri:0, instance:trainline.RunParallel@120f102b]" started-at="2021-04-14T05:21:56 GMT" name="runScenario" description="Runs Cucumber Scenarios" data-provider="scenarios" finished-at="2021-04-14T05:22:12 GMT" duration-ms="16117" status="PASS">
          <params>
            <param index="0">
              <value>
                <![CDATA["Verify different passenger search combinations - other combinations"]]>
              </value>
            </param>
            <param index="1">
              <value>
                <![CDATA["Trainline home page search"]]>
              </value>
            </param>
          </params>
          <reporter-output>
          </reporter-output>
        </test-method> <!-- runScenario -->
        <test-method is-config="true" signature="tearDownClass()[pri:0, instance:trainline.RunParallel@120f102b]" started-at="2021-04-14T05:22:12 GMT" name="tearDownClass" finished-at="2021-04-14T05:22:12 GMT" duration-ms="2" status="PASS">
          <reporter-output>
          </reporter-output>
        </test-method> <!-- tearDownClass -->
      </class> <!-- trainline.RunParallel -->
    </test> <!-- Default test -->
  </suite> <!-- Default suite -->
</testng-results>
